2022.03.02 15:25:57 INFO  tracing is disabled for protocol LSP, to enable tracing of incoming and outgoing JSON messages create an empty file at \\wsl$\Ubuntu-18.04\root\NTT\ntt\.metals\lsp.trace.json or C:\Users\chris\AppData\Local\scalameta\metals\cache\lsp.trace.json
mars 02, 2022 3:25:58 PM org.eclipse.lsp4j.jsonrpc.RemoteEndpoint fallbackResponseError
SEVERE: Internal error: java.lang.IllegalArgumentException: URI authority component has undefined host
java.util.concurrent.CompletionException: java.lang.IllegalArgumentException: URI authority component has undefined host
	at java.util.concurrent.CompletableFuture.encodeThrowable(Unknown Source)
	at java.util.concurrent.CompletableFuture.completeThrowable(Unknown Source)
	at java.util.concurrent.CompletableFuture.uniAccept(Unknown Source)
	at java.util.concurrent.CompletableFuture$UniAccept.tryFire(Unknown Source)
	at java.util.concurrent.CompletableFuture.uniAcceptStage(Unknown Source)
	at java.util.concurrent.CompletableFuture.thenAcceptAsync(Unknown Source)
	at scala.concurrent.java8.FuturesConvertersImpl$CF.thenAccept(FutureConvertersImpl.scala:37)
	at org.eclipse.lsp4j.jsonrpc.RemoteEndpoint.handleRequest(RemoteEndpoint.java:279)
	at org.eclipse.lsp4j.jsonrpc.RemoteEndpoint.consume(RemoteEndpoint.java:190)
	at org.eclipse.lsp4j.jsonrpc.json.StreamMessageProducer.handleMessage(StreamMessageProducer.java:194)
	at org.eclipse.lsp4j.jsonrpc.json.StreamMessageProducer.listen(StreamMessageProducer.java:94)
	at org.eclipse.lsp4j.jsonrpc.json.ConcurrentMessageProcessor.run(ConcurrentMessageProcessor.java:113)
	at java.util.concurrent.Executors$RunnableAdapter.call(Unknown Source)
	at java.util.concurrent.FutureTask.run(Unknown Source)
	at java.util.concurrent.ThreadPoolExecutor.runWorker(Unknown Source)
	at java.util.concurrent.ThreadPoolExecutor$Worker.run(Unknown Source)
	at java.lang.Thread.run(Unknown Source)
Caused by: java.lang.IllegalArgumentException: URI authority component has undefined host
	at sun.nio.fs.WindowsUriSupport.fromUri(Unknown Source)
	at sun.nio.fs.WindowsFileSystemProvider.getPath(Unknown Source)
	at java.nio.file.Paths.get(Unknown Source)
	at scala.meta.internal.metals.MetalsLanguageServer.updateWorkspaceDirectory(MetalsLanguageServer.scala:335)
	at scala.meta.internal.metals.MetalsLanguageServer.$anonfun$initialize$2(MetalsLanguageServer.scala:813)
	at scala.concurrent.Future$.$anonfun$apply$1(Future.scala:659)
	at scala.util.Success.$anonfun$map$1(Try.scala:255)
	at scala.util.Success.map(Try.scala:213)
	at scala.concurrent.Future.$anonfun$map$1(Future.scala:292)
	at scala.concurrent.impl.Promise.liftedTree1$1(Promise.scala:33)
	at scala.concurrent.impl.Promise.$anonfun$transform$1(Promise.scala:33)
	at scala.concurrent.impl.CallbackRunnable.run(Promise.scala:64)
	... 3 more

2022.03.02 15:25:58 INFO  shutting down Metals
2022.03.06 14:48:21 INFO  tracing is disabled for protocol LSP, to enable tracing of incoming and outgoing JSON messages create an empty file at \\wsl$\Ubuntu-18.04\root\NTT\ntt\.metals\lsp.trace.json or C:\Users\chris\AppData\Local\scalameta\metals\cache\lsp.trace.json
mars 06, 2022 2:48:22 PM org.eclipse.lsp4j.jsonrpc.RemoteEndpoint fallbackResponseError
SEVERE: Internal error: java.lang.IllegalArgumentException: URI authority component has undefined host
java.util.concurrent.CompletionException: java.lang.IllegalArgumentException: URI authority component has undefined host
	at java.util.concurrent.CompletableFuture.encodeThrowable(Unknown Source)
	at java.util.concurrent.CompletableFuture.completeThrowable(Unknown Source)
	at java.util.concurrent.CompletableFuture.uniAccept(Unknown Source)
	at java.util.concurrent.CompletableFuture$UniAccept.tryFire(Unknown Source)
	at java.util.concurrent.CompletableFuture.uniAcceptStage(Unknown Source)
	at java.util.concurrent.CompletableFuture.thenAcceptAsync(Unknown Source)
	at scala.concurrent.java8.FuturesConvertersImpl$CF.thenAccept(FutureConvertersImpl.scala:37)
	at org.eclipse.lsp4j.jsonrpc.RemoteEndpoint.handleRequest(RemoteEndpoint.java:279)
	at org.eclipse.lsp4j.jsonrpc.RemoteEndpoint.consume(RemoteEndpoint.java:190)
	at org.eclipse.lsp4j.jsonrpc.json.StreamMessageProducer.handleMessage(StreamMessageProducer.java:194)
	at org.eclipse.lsp4j.jsonrpc.json.StreamMessageProducer.listen(StreamMessageProducer.java:94)
	at org.eclipse.lsp4j.jsonrpc.json.ConcurrentMessageProcessor.run(ConcurrentMessageProcessor.java:113)
	at java.util.concurrent.Executors$RunnableAdapter.call(Unknown Source)
	at java.util.concurrent.FutureTask.run(Unknown Source)
	at java.util.concurrent.ThreadPoolExecutor.runWorker(Unknown Source)
	at java.util.concurrent.ThreadPoolExecutor$Worker.run(Unknown Source)
	at java.lang.Thread.run(Unknown Source)
Caused by: java.lang.IllegalArgumentException: URI authority component has undefined host
	at sun.nio.fs.WindowsUriSupport.fromUri(Unknown Source)
	at sun.nio.fs.WindowsFileSystemProvider.getPath(Unknown Source)
	at java.nio.file.Paths.get(Unknown Source)
	at scala.meta.internal.metals.MetalsLanguageServer.updateWorkspaceDirectory(MetalsLanguageServer.scala:335)
	at scala.meta.internal.metals.MetalsLanguageServer.$anonfun$initialize$2(MetalsLanguageServer.scala:813)
	at scala.concurrent.Future$.$anonfun$apply$1(Future.scala:659)
	at scala.util.Success.$anonfun$map$1(Try.scala:255)
	at scala.util.Success.map(Try.scala:213)
	at scala.concurrent.Future.$anonfun$map$1(Future.scala:292)
	at scala.concurrent.impl.Promise.liftedTree1$1(Promise.scala:33)
	at scala.concurrent.impl.Promise.$anonfun$transform$1(Promise.scala:33)
	at scala.concurrent.impl.CallbackRunnable.run(Promise.scala:64)
	... 3 more

2022.03.06 14:48:22 INFO  shutting down Metals
2022.03.07 08:44:22 INFO  tracing is disabled for protocol LSP, to enable tracing of incoming and outgoing JSON messages create an empty file at \\wsl$\Ubuntu-18.04\root\NTT\ntt\.metals\lsp.trace.json or C:\Users\chris\AppData\Local\scalameta\metals\cache\lsp.trace.json
mars 07, 2022 8:44:22 AM org.eclipse.lsp4j.jsonrpc.RemoteEndpoint fallbackResponseError
SEVERE: Internal error: java.lang.IllegalArgumentException: URI authority component has undefined host
java.util.concurrent.CompletionException: java.lang.IllegalArgumentException: URI authority component has undefined host
	at java.util.concurrent.CompletableFuture.encodeThrowable(Unknown Source)
	at java.util.concurrent.CompletableFuture.completeThrowable(Unknown Source)
	at java.util.concurrent.CompletableFuture.uniAccept(Unknown Source)
	at java.util.concurrent.CompletableFuture$UniAccept.tryFire(Unknown Source)
	at java.util.concurrent.CompletableFuture.uniAcceptStage(Unknown Source)
	at java.util.concurrent.CompletableFuture.thenAcceptAsync(Unknown Source)
	at scala.concurrent.java8.FuturesConvertersImpl$CF.thenAccept(FutureConvertersImpl.scala:37)
	at org.eclipse.lsp4j.jsonrpc.RemoteEndpoint.handleRequest(RemoteEndpoint.java:279)
	at org.eclipse.lsp4j.jsonrpc.RemoteEndpoint.consume(RemoteEndpoint.java:190)
	at org.eclipse.lsp4j.jsonrpc.json.StreamMessageProducer.handleMessage(StreamMessageProducer.java:194)
	at org.eclipse.lsp4j.jsonrpc.json.StreamMessageProducer.listen(StreamMessageProducer.java:94)
	at org.eclipse.lsp4j.jsonrpc.json.ConcurrentMessageProcessor.run(ConcurrentMessageProcessor.java:113)
	at java.util.concurrent.Executors$RunnableAdapter.call(Unknown Source)
	at java.util.concurrent.FutureTask.run(Unknown Source)
	at java.util.concurrent.ThreadPoolExecutor.runWorker(Unknown Source)
	at java.util.concurrent.ThreadPoolExecutor$Worker.run(Unknown Source)
	at java.lang.Thread.run(Unknown Source)
Caused by: java.lang.IllegalArgumentException: URI authority component has undefined host
	at sun.nio.fs.WindowsUriSupport.fromUri(Unknown Source)
	at sun.nio.fs.WindowsFileSystemProvider.getPath(Unknown Source)
	at java.nio.file.Paths.get(Unknown Source)
	at scala.meta.internal.metals.MetalsLanguageServer.updateWorkspaceDirectory(MetalsLanguageServer.scala:335)
	at scala.meta.internal.metals.MetalsLanguageServer.$anonfun$initialize$2(MetalsLanguageServer.scala:813)
	at scala.concurrent.Future$.$anonfun$apply$1(Future.scala:659)
	at scala.util.Success.$anonfun$map$1(Try.scala:255)
	at scala.util.Success.map(Try.scala:213)
	at scala.concurrent.Future.$anonfun$map$1(Future.scala:292)
	at scala.concurrent.impl.Promise.liftedTree1$1(Promise.scala:33)
	at scala.concurrent.impl.Promise.$anonfun$transform$1(Promise.scala:33)
	at scala.concurrent.impl.CallbackRunnable.run(Promise.scala:64)
	... 3 more

2022.03.07 08:44:22 INFO  shutting down Metals
2022.03.07 08:48:00 INFO  tracing is disabled for protocol LSP, to enable tracing of incoming and outgoing JSON messages create an empty file at d:\git\NTT\.metals\lsp.trace.json or C:\Users\chris\AppData\Local\scalameta\metals\cache\lsp.trace.json
2022.03.07 08:48:00 INFO  logging to file D:\git\NTT\.metals\metals.log
2022.03.07 08:48:00 INFO  Started: Metals version 0.11.1 in workspace 'D:\git\NTT' for client Visual Studio Code 1.65.0.
2022.03.07 08:48:00 INFO  Parse release: 1.8.0_321
2022.03.07 08:48:00 WARN  Can't instantiate JavaInteractiveSemanticdb (version: Some(JdkVersion(1,8)), jdkHome: C:\Program Files\Java\jre1.8.0_321, javac exists: false)
2022.03.07 08:48:01 INFO  time: initialize in 0.46s
2022.03.07 08:48:01 WARN  Build server is not auto-connectable.
2022.03.07 08:48:02 WARN  no build target for: D:\git\NTT\src\main\scala\Main.scala
2022.03.07 08:48:05 INFO  no build target found for D:\git\NTT\src\main\scala\Main.scala. Using presentation compiler with project's scala-library version: 3.1.0
2022.03.07 08:48:05 WARN  no build target for: D:\git\NTT\src\main\scala\Parsing\Lexer.scala
mars 07, 2022 8:48:05 AM org.eclipse.lsp4j.jsonrpc.RemoteEndpoint handleCancellation
WARNING: Unmatched cancel notification for request id 3
2022.03.07 08:48:07 INFO  time: code lens generation in 1.66s
2022.03.07 08:48:07 INFO  time: code lens generation in 1.66s
2022.03.07 08:48:07 INFO  time: code lens generation in 1.64s
2022.03.07 08:48:07 INFO  time: code lens generation in 1.64s
2022.03.07 08:48:13 WARN  no build target for: D:\git\NTT\src\main\scala\Parsing\Lexer.scala
2022.03.07 08:48:46 WARN  no build target for: D:\git\NTT\src\main\scala\Parsing\Lexer.scala
2022.03.07 08:48:57 WARN  no build target for: D:\git\NTT\src\main\scala\Parsing\Lexer.scala
2022.03.07 08:49:03 WARN  no build target for: D:\git\NTT\src\main\scala\Parsing\Lexer.scala
2022.03.07 08:49:20 WARN  no build target for: D:\git\NTT\src\main\scala\Parsing\Lexer.scala
2022.03.07 08:50:05 WARN  no build target for: D:\git\NTT\src\main\scala\Parsing\StringBufferedIterator.scala
2022.03.07 08:50:37 WARN  no build target for: D:\git\NTT\src\main\scala\Parsing\StringBufferedIterator.scala
2022.03.07 08:51:08 WARN  no build target for: D:\git\NTT\src\main\scala\Parsing\StringBufferedIterator.scala
2022.03.07 08:51:20 WARN  no build target for: D:\git\NTT\src\main\scala\Parsing\StringBufferedIterator.scala
2022.03.07 08:51:23 WARN  no build target for: D:\git\NTT\src\main\scala\Parsing\StringBufferedIterator.scala
2022.03.07 08:51:27 WARN  no build target for: D:\git\NTT\src\main\scala\Parsing\StringBufferedIterator.scala
2022.03.07 08:51:33 WARN  no build target for: D:\git\NTT\src\main\scala\Parsing\StringBufferedIterator.scala
2022.03.07 08:51:42 WARN  no build target for: D:\git\NTT\src\main\scala\Parsing\StringBufferedIterator.scala
2022.03.07 08:51:42 WARN  no build target for: D:\git\NTT\src\main\scala\Parsing\StringBufferedIterator.scala
2022.03.07 08:51:45 WARN  no build target for: D:\git\NTT\src\main\scala\Parsing\StringBufferedIterator.scala
2022.03.07 08:51:48 WARN  no build target for: D:\git\NTT\src\main\scala\Parsing\StringBufferedIterator.scala
2022.03.07 08:51:52 WARN  no build target for: D:\git\NTT\src\main\scala\Parsing\StringBufferedIterator.scala
2022.03.07 08:52:03 WARN  no build target for: D:\git\NTT\src\main\scala\Parsing\StringBufferedIterator.scala
2022.03.07 08:52:06 WARN  no build target for: D:\git\NTT\src\main\scala\Parsing\StringBufferedIterator.scala
2022.03.07 08:52:14 WARN  no build target for: D:\git\NTT\src\main\scala\Parsing\Lexer.scala
2022.03.07 08:52:45 WARN  no build target for: D:\git\NTT\src\main\scala\Parsing\StringBufferedIterator.scala
2022.03.07 08:52:50 WARN  no build target for: D:\git\NTT\src\main\scala\Parsing\StringBufferedIterator.scala
2022.03.07 08:52:50 WARN  no build target for: D:\git\NTT\src\main\scala\Parsing\StringBufferedIterator.scala
2022.03.07 08:52:50 WARN  no build target for: D:\git\NTT\src\main\scala\Parsing\StringBufferedIterator.scala
2022.03.07 08:52:52 WARN  no build target for: D:\git\NTT\src\main\scala\Parsing\StringBufferedIterator.scala
2022.03.07 08:54:13 WARN  no build target for: D:\git\NTT\src\main\scala\Parsing\StringBufferedIterator.scala
2022.03.07 08:54:35 WARN  no build target for: D:\git\NTT\src\main\scala\Parsing\Lexer.scala
mars 07, 2022 8:56:04 AM org.eclipse.lsp4j.jsonrpc.RemoteEndpoint handleCancellation
WARNING: Unmatched cancel notification for request id 1287
2022.03.07 08:58:21 WARN  no build target for: D:\git\NTT\src\main\scala\Parsing\Token.scala
2022.03.07 08:58:24 WARN  no build target for: D:\git\NTT\src\main\scala\Parsing\Token.scala
2022.03.07 08:58:42 WARN  no build target for: D:\git\NTT\src\main\scala\Parsing\Lexer.scala
2022.03.07 08:59:05 WARN  no build target for: D:\git\NTT\src\main\scala\Parsing\Lexer.scala
2022.03.07 08:59:05 WARN  no build target for: D:\git\NTT\src\main\scala\Parsing\Lexer.scala
2022.03.07 08:59:13 WARN  no build target for: D:\git\NTT\src\main\scala\Parsing\Lexer.scala
2022.03.07 08:59:53 WARN  no build target for: D:\git\NTT\src\main\scala\Parsing\Lexer.scala
2022.03.07 09:00:16 WARN  no build target for: D:\git\NTT\src\main\scala\Parsing\Lexer.scala
2022.03.07 09:00:51 WARN  no build target for: D:\git\NTT\src\main\scala\Parsing\Lexer.scala
2022.03.07 09:01:29 WARN  no build target for: D:\git\NTT\src\main\scala\Parsing\Positionable.scala
2022.03.07 09:01:58 WARN  no build target for: D:\git\NTT\src\main\scala\Parsing\Positionable.scala
2022.03.07 09:02:30 WARN  no build target for: D:\git\NTT\src\main\scala\Parsing\Positionable.scala
2022.03.07 09:02:58 WARN  no build target for: D:\git\NTT\src\main\scala\Parsing\Positionable.scala
2022.03.07 09:03:04 WARN  no build target for: D:\git\NTT\src\main\scala\Parsing\Positionable.scala
2022.03.07 09:03:07 WARN  no build target for: D:\git\NTT\src\main\scala\Parsing\Positionable.scala
2022.03.07 09:03:15 WARN  no build target for: D:\git\NTT\src\main\scala\Parsing\StringBufferedIterator.scala
2022.03.07 09:03:27 WARN  no build target for: D:\git\NTT\src\main\scala\Parsing\StringBufferedIterator.scala
2022.03.07 09:03:52 WARN  no build target for: D:\git\NTT\src\main\scala\Parsing\Token.scala
2022.03.07 09:03:58 WARN  no build target for: D:\git\NTT\src\main\scala\Parsing\Token.scala
2022.03.07 09:04:19 WARN  no build target for: D:\git\NTT\src\main\scala\Parsing\Lexer.scala
2022.03.07 09:06:09 WARN  no build target for: D:\git\NTT\src\main\scala\Parsing\Positionable.scala
2022.03.07 09:06:09 WARN  no build target for: D:\git\NTT\src\main\scala\Parsing\Positionable.scala
2022.03.07 09:06:11 WARN  no build target for: D:\git\NTT\src\main\scala\Parsing\Positionable.scala
2022.03.07 09:06:31 WARN  no build target for: D:\git\NTT\src\main\scala\Parsing\StringBufferedIterator.scala
2022.03.07 09:06:36 WARN  no build target for: D:\git\NTT\src\main\scala\Parsing\StringBufferedIterator.scala
2022.03.07 09:08:04 WARN  no build target for: D:\git\NTT\src\main\scala\Parsing\StringBufferedIterator.scala
2022.03.07 09:08:04 WARN  no build target for: D:\git\NTT\src\main\scala\Parsing\StringBufferedIterator.scala
2022.03.07 09:08:04 WARN  no build target for: D:\git\NTT\src\main\scala\Parsing\Lexer.scala
2022.03.07 09:08:19 WARN  no build target for: D:\git\NTT\src\main\scala\Parsing\Lexer.scala
2022.03.07 09:09:44 WARN  no build target for: D:\git\NTT\src\main\scala\Parsing\Lexer.scala
2022.03.07 09:11:46 WARN  no build target for: D:\git\NTT\src\main\scala\Parsing\StringBufferedIterator.scala
2022.03.07 09:11:52 WARN  no build target for: D:\git\NTT\src\main\scala\Parsing\StringBufferedIterator.scala
2022.03.07 09:12:26 WARN  no build target for: D:\git\NTT\src\main\scala\Parsing\Lexer.scala
2022.03.07 09:12:29 WARN  no build target for: D:\git\NTT\src\main\scala\Parsing\Lexer.scala
2022.03.07 09:13:06 WARN  no build target for: D:\git\NTT\src\main\scala\Parsing\Token.scala
2022.03.07 09:13:06 WARN  no build target for: D:\git\NTT\src\main\scala\Parsing\Token.scala
2022.03.07 09:13:06 WARN  no build target for: D:\git\NTT\src\main\scala\Parsing\Token.scala
2022.03.07 09:13:06 WARN  no build target for: D:\git\NTT\src\main\scala\Parsing\Token.scala
2022.03.07 09:13:08 WARN  no build target for: D:\git\NTT\src\main\scala\Parsing\Token.scala
2022.03.07 09:13:08 WARN  no build target for: D:\git\NTT\src\main\scala\Parsing\Token.scala
2022.03.07 09:13:08 WARN  no build target for: D:\git\NTT\src\main\scala\Parsing\Token.scala
2022.03.07 09:15:00 WARN  no build target for: D:\git\NTT\src\main\scala\Parsing\StringBufferedIterator.scala
2022.03.07 09:16:00 INFO  shutting down Metals
2022.03.07 09:16:00 ERROR Unexpected error initializing server
org.eclipse.lsp4j.jsonrpc.ResponseErrorException: Request window/showMessageRequest failed with message: Canceled
	at org.eclipse.lsp4j.jsonrpc.RemoteEndpoint.handleResponse(RemoteEndpoint.java:209)
	at org.eclipse.lsp4j.jsonrpc.RemoteEndpoint.consume(RemoteEndpoint.java:193)
	at org.eclipse.lsp4j.jsonrpc.json.StreamMessageProducer.handleMessage(StreamMessageProducer.java:194)
	at org.eclipse.lsp4j.jsonrpc.json.StreamMessageProducer.listen(StreamMessageProducer.java:94)
	at org.eclipse.lsp4j.jsonrpc.json.ConcurrentMessageProcessor.run(ConcurrentMessageProcessor.java:113)
	at java.util.concurrent.Executors$RunnableAdapter.call(null)
	at java.util.concurrent.FutureTask.run(null)
	at java.util.concurrent.ThreadPoolExecutor.runWorker(null)
	at java.util.concurrent.ThreadPoolExecutor$Worker.run(null)
	at java.lang.Thread.run(null)

2022.03.10 10:41:43 INFO  tracing is disabled for protocol LSP, to enable tracing of incoming and outgoing JSON messages create an empty file at d:\git\NTT\.metals\lsp.trace.json or C:\Users\chris\AppData\Local\scalameta\metals\cache\lsp.trace.json
2022.03.10 10:41:45 INFO  logging to file D:\git\NTT\.metals\metals.log
2022.03.10 10:41:45 INFO  Started: Metals version 0.11.1 in workspace 'D:\git\NTT' for client Visual Studio Code 1.65.0.
2022.03.10 10:41:45 INFO  Parse release: 1.8.0_321
2022.03.10 10:41:45 WARN  Can't instantiate JavaInteractiveSemanticdb (version: Some(JdkVersion(1,8)), jdkHome: C:\Program Files\Java\jre1.8.0_321, javac exists: false)
2022.03.10 10:41:46 INFO  time: initialize in 1.07s
2022.03.10 10:41:48 WARN  Build server is not auto-connectable.
2022.03.10 10:41:48 WARN  no build target for: D:\git\NTT\src\main\scala\Parsing\StringBufferedIterator.scala
2022.03.10 10:41:48 WARN  no build target for: D:\git\NTT\src\main\scala\Parsing\Lexer.scala
2022.03.10 10:41:49 INFO  skipping build import with status 'Requested'
2022.03.10 10:41:56 INFO  no build target found for D:\git\NTT\src\main\scala\Parsing\StringBufferedIterator.scala. Using presentation compiler with project's scala-library version: 3.1.0
2022.03.10 10:42:01 INFO  time: code lens generation in 11s
2022.03.10 10:42:01 INFO  time: code lens generation in 11s
2022.03.10 10:44:12 INFO  shutting down Metals
2022.03.11 07:08:10 INFO  tracing is disabled for protocol LSP, to enable tracing of incoming and outgoing JSON messages create an empty file at d:\git\NTT\.metals\lsp.trace.json or C:\Users\chris\AppData\Local\scalameta\metals\cache\lsp.trace.json
2022.03.11 07:08:12 INFO  logging to file D:\git\NTT\.metals\metals.log
2022.03.11 07:08:12 INFO  Started: Metals version 0.11.2 in workspace 'D:\git\NTT' for client Visual Studio Code 1.65.1.
2022.03.11 07:08:12 INFO  Parse release: 1.8.0_321
2022.03.11 07:08:12 WARN  Can't instantiate JavaInteractiveSemanticdb (version: Some(JdkVersion(1,8)), jdkHome: C:\Program Files\Java\jre1.8.0_321, javac exists: false)
2022.03.11 07:08:13 INFO  time: initialize in 0.96s
2022.03.11 07:08:13 INFO  Deleting old database format D:\git\NTT\.metals\metals.h2.db
2022.03.11 07:08:14 WARN  Build server is not auto-connectable.
2022.03.11 07:08:15 WARN  no build target for: D:\git\NTT\src\main\scala\Parsing\StringBufferedIterator.scala
2022.03.11 07:08:20 INFO  no build target found for D:\git\NTT\src\main\scala\Parsing\StringBufferedIterator.scala. Using presentation compiler with project's scala-library version: 3.1.1
2022.03.11 07:08:25 INFO  time: code lens generation in 8.97s
2022.03.11 07:08:25 INFO  time: code lens generation in 8.97s
